{
  "RSpec": {
    "coverage": {
      "/home/marcos.trindade/proj/tdd_training/delivery_fee/app/models/product.rb": {
        "lines": [
          null,
          null,
          1,
          null
        ]
      },
      "/home/marcos.trindade/proj/tdd_training/delivery_fee/app/models/shopping_cart_product.rb": {
        "lines": [
          null,
          null,
          1,
          1,
          1,
          null
        ]
      },
      "/home/marcos.trindade/proj/tdd_training/delivery_fee/app/models/shopping_cart.rb": {
        "lines": [
          null,
          null,
          1,
          1,
          1,
          1,
          null
        ]
      },
      "/home/marcos.trindade/proj/tdd_training/delivery_fee/app/processors/shopping_carts/add_or_create_processor.rb": {
        "lines": [
          null,
          null,
          1,
          1,
          1,
          1,
          null,
          null,
          1,
          1,
          1,
          1,
          null,
          null,
          1,
          1,
          1,
          null,
          null,
          null,
          null,
          null,
          null,
          1,
          2,
          null,
          null,
          1,
          1,
          null,
          null,
          1,
          1,
          null,
          null,
          null
        ]
      },
      "/home/marcos.trindade/proj/tdd_training/delivery_fee/app/processors/shopping_carts/value_processor.rb": {
        "lines": [
          null,
          null,
          1,
          1,
          1,
          1,
          null,
          null,
          1,
          1,
          null,
          null,
          1,
          1,
          null,
          1,
          null,
          null,
          null,
          1,
          null,
          1,
          1,
          null,
          null,
          null
        ]
      },
      "/home/marcos.trindade/proj/tdd_training/delivery_fee/app/repositories/products/find_many_repository.rb": {
        "lines": [
          null,
          null,
          1,
          1,
          1,
          1,
          null,
          null,
          null
        ]
      },
      "/home/marcos.trindade/proj/tdd_training/delivery_fee/app/repositories/shopping_carts/find_repository.rb": {
        "lines": [
          null,
          null,
          1,
          1,
          1,
          3,
          null,
          null,
          null,
          null,
          null,
          null
        ]
      },
      "/home/marcos.trindade/proj/tdd_training/delivery_fee/app/repositories/users/find_repository.rb": {
        "lines": [
          null,
          null,
          1,
          1,
          1,
          1,
          null,
          null,
          null
        ]
      },
      "/home/marcos.trindade/proj/tdd_training/delivery_fee/app/repositories/shopping_carts/create_repository.rb": {
        "lines": [
          1,
          1,
          1,
          0,
          null,
          null,
          null
        ]
      },
      "/home/marcos.trindade/proj/tdd_training/delivery_fee/app/repositories/shopping_carts/add_product_repository.rb": {
        "lines": [
          null,
          null,
          1,
          1,
          1,
          0,
          0,
          null,
          0,
          0,
          null,
          null,
          null
        ]
      },
      "/home/marcos.trindade/proj/tdd_training/delivery_fee/app/channels/application_cable/channel.rb": {
        "lines": [
          null,
          null,
          0,
          0,
          0,
          0
        ],
        "branches": {
        }
      },
      "/home/marcos.trindade/proj/tdd_training/delivery_fee/app/channels/application_cable/connection.rb": {
        "lines": [
          null,
          null,
          0,
          0,
          0,
          0
        ],
        "branches": {
        }
      },
      "/home/marcos.trindade/proj/tdd_training/delivery_fee/app/controllers/application_controller.rb": {
        "lines": [
          null,
          null,
          0,
          0
        ],
        "branches": {
        }
      },
      "/home/marcos.trindade/proj/tdd_training/delivery_fee/app/controllers/shopping_cart_controller.rb": {
        "lines": [
          null,
          null,
          0,
          0,
          null,
          0,
          0,
          0,
          null,
          0,
          0,
          0,
          null,
          0,
          null,
          0,
          0,
          0,
          0
        ],
        "branches": {
        }
      },
      "/home/marcos.trindade/proj/tdd_training/delivery_fee/app/helpers/application_helper.rb": {
        "lines": [
          null,
          null,
          0,
          0
        ],
        "branches": {
        }
      },
      "/home/marcos.trindade/proj/tdd_training/delivery_fee/app/jobs/application_job.rb": {
        "lines": [
          null,
          null,
          0,
          null,
          null,
          null,
          null,
          null,
          0
        ],
        "branches": {
        }
      },
      "/home/marcos.trindade/proj/tdd_training/delivery_fee/app/mailers/application_mailer.rb": {
        "lines": [
          null,
          null,
          0,
          0,
          0,
          0
        ],
        "branches": {
        }
      },
      "/home/marcos.trindade/proj/tdd_training/delivery_fee/app/models/application_record.rb": {
        "lines": [
          null,
          null,
          0,
          0,
          0
        ],
        "branches": {
        }
      },
      "/home/marcos.trindade/proj/tdd_training/delivery_fee/app/models/jwt_denylist.rb": {
        "lines": [
          0,
          0,
          0
        ],
        "branches": {
        }
      },
      "/home/marcos.trindade/proj/tdd_training/delivery_fee/app/models/user.rb": {
        "lines": [
          null,
          null,
          0,
          null,
          null,
          0,
          0,
          0,
          0,
          null,
          null,
          0,
          0,
          0
        ],
        "branches": {
        }
      }
    },
    "timestamp": 1645551085
  }
}
